<?xml version="1.0" encoding="UTF-8"?>
<!-- Generated by org.testng.reporters.JUnitXMLReporter -->
<testsuite hostname="LAPTOP-VNODU1E5" ignored="0" name="courseraTest" tests="1" failures="1" timestamp="2020-08-10T15:18:15 IST" time="0.045" errors="0">
  <testcase name="searchCourses" time="0.008" classname="newPackage.Courses">
    <failure type="java.lang.NullPointerException">
      <![CDATA[java.lang.NullPointerException
at newPackage.Courses.searchCourses(Courses.java:39)
at java.util.ArrayList.forEach(Unknown Source)
... Removed 27 stack frames]]>
    </failure>
  </testcase> <!-- searchCourses -->
</testsuite> <!-- courseraTest -->
