<?xml version="1.0" encoding="UTF-8"?>
<testng-results skipped="0" failed="0" ignored="0" total="1" passed="1">
  <reporter-output>
  </reporter-output>
  <suite name="Suite" duration-ms="53449" started-at="2020-08-27T23:46:24 IST" finished-at="2020-08-27T23:47:18 IST">
    <groups>
      <group name="Regression">
        <method signature="CourseraTest.coursesTest()[pri:1, instance:testCases.CourseraTest@71d15f18]" name="coursesTest" class="testCases.CourseraTest"/>
      </group> <!-- Regression -->
    </groups>
    <test name="OperaTest" duration-ms="53449" started-at="2020-08-27T23:46:24 IST" finished-at="2020-08-27T23:47:18 IST">
      <class name="testCases.CourseraTest">
        <test-method status="PASS" signature="openBrowser(java.lang.String)[pri:0, instance:testCases.CourseraTest@71d15f18]" name="openBrowser" is-config="true" duration-ms="2990" started-at="2020-08-27T23:46:24 IST" finished-at="2020-08-27T23:46:27 IST">
          <params>
            <param index="0">
              <value>
                <![CDATA[opera]]>
              </value>
            </param>
          </params>
          <reporter-output>
          </reporter-output>
        </test-method> <!-- openBrowser -->
        <test-method status="PASS" signature="coursesTest()[pri:1, instance:testCases.CourseraTest@71d15f18]" name="coursesTest" duration-ms="49207" started-at="2020-08-27T23:46:27 IST" finished-at="2020-08-27T23:47:16 IST">
          <reporter-output>
          </reporter-output>
        </test-method> <!-- coursesTest -->
        <test-method status="PASS" signature="closingBrowser()[pri:0, instance:testCases.CourseraTest@71d15f18]" name="closingBrowser" is-config="true" duration-ms="1194" started-at="2020-08-27T23:47:16 IST" finished-at="2020-08-27T23:47:18 IST">
          <reporter-output>
          </reporter-output>
        </test-method> <!-- closingBrowser -->
      </class> <!-- testCases.CourseraTest -->
    </test> <!-- OperaTest -->
  </suite> <!-- Suite -->
</testng-results>
